혜정 ㅁ0610/recipe_dt/build/intermediates/manifest_merge_blame_file/debug/manifest-merger-blame-debug-report.txt
1<?xml version="1.0" encoding="utf-8"?>
2<manifest xmlns:android="http://schemas.android.com/apk/res/android"
3    package="com.example.recipe_dt"
4    android:versionCode="1"
5    android:versionName="1.0" >
6
7    <uses-sdk
8        android:minSdkVersion="21"
8-->src\main\AndroidManifest.xml
9        android:targetSdkVersion="32" />
9-->src\main\AndroidManifest.xml
10
11    <!-- 인터넷에서 url을 읽어올 수 있도록 하기 위한 permission추가 -->
12    <uses-permission android:name="android.permission.INTERNET" />
12-->src\main\AndroidManifest.xml:6:5-67
12-->src\main\AndroidManifest.xml:6:22-64
13    <uses-permission android:name="android.permission.ACCESS_NETWORK_STATE" />
13-->[com.google.firebase:firebase-auth:21.0.3] AndroidManifest.xml:24:5-79
13-->[com.google.firebase:firebase-auth:21.0.3] AndroidManifest.xml:24:22-76
14
15    <application
15-->src\main\AndroidManifest.xml:8:5-28:19
16        android:allowBackup="true"
16-->src\main\AndroidManifest.xml:9:9-35
17        android:appComponentFactory="androidx.core.app.CoreComponentFactory"
17-->[androidx.core:core:1.7.0] AndroidManifest.xml:24:18-86
18        android:debuggable="true"
19        android:icon="@mipmap/ic_launcher"
19-->src\main\AndroidManifest.xml:10:9-43
20        android:label="@string/app_name"
20-->src\main\AndroidManifest.xml:11:9-41
21        android:roundIcon="@mipmap/ic_launcher_round"
21-->src\main\AndroidManifest.xml:12:9-54
22        android:supportsRtl="true"
22-->src\main\AndroidManifest.xml:13:9-35
23        android:testOnly="true"
24        android:theme="@style/Theme.AndroidLab"
24-->src\main\AndroidManifest.xml:15:9-48
25        android:usesCleartextTraffic="true" >
25-->src\main\AndroidManifest.xml:14:9-44
26        <activity
26-->src\main\AndroidManifest.xml:16:9-24:20
27            android:name="com.example.recipe_dt.MainActivity"
27-->src\main\AndroidManifest.xml:17:13-41
28            android:exported="true" >
28-->src\main\AndroidManifest.xml:18:13-36
29            <intent-filter>
29-->src\main\AndroidManifest.xml:19:13-23:29
30                <action android:name="android.intent.action.MAIN" />
30-->src\main\AndroidManifest.xml:20:17-69
30-->src\main\AndroidManifest.xml:20:25-66
31
32                <category android:name="android.intent.category.LAUNCHER" />
32-->src\main\AndroidManifest.xml:22:17-77
32-->src\main\AndroidManifest.xml:22:27-74
33            </intent-filter>
34        </activity>
35        <activity android:name="com.example.recipe_dt.RecipeActivity" />
35-->src\main\AndroidManifest.xml:26:9-51
35-->src\main\AndroidManifest.xml:26:19-49
36
37        <service
37-->[com.google.firebase:firebase-firestore-ktx:24.1.2] AndroidManifest.xml:12:9-18:19
38            android:name="com.google.firebase.components.ComponentDiscoveryService"
38-->[com.google.firebase:firebase-firestore-ktx:24.1.2] AndroidManifest.xml:13:13-84
39            android:directBootAware="true"
39-->[com.google.firebase:firebase-common:20.1.1] AndroidManifest.xml:35:13-43
40            android:exported="false" >
40-->[com.google.firebase:firebase-firestore-ktx:24.1.2] AndroidManifest.xml:14:13-37
41            <meta-data
41-->[com.google.firebase:firebase-firestore-ktx:24.1.2] AndroidManifest.xml:15:13-17:85
42                android:name="com.google.firebase.components:com.google.firebase.firestore.ktx.FirebaseFirestoreKtxRegistrar"
42-->[com.google.firebase:firebase-firestore-ktx:24.1.2] AndroidManifest.xml:16:17-126
43                android:value="com.google.firebase.components.ComponentRegistrar" />
43-->[com.google.firebase:firebase-firestore-ktx:24.1.2] AndroidManifest.xml:17:17-82
44            <meta-data
44-->[com.google.firebase:firebase-auth-ktx:21.0.3] AndroidManifest.xml:11:13-13:85
45                android:name="com.google.firebase.components:com.google.firebase.auth.ktx.FirebaseAuthKtxRegistrar"
45-->[com.google.firebase:firebase-auth-ktx:21.0.3] AndroidManifest.xml:12:17-116
46                android:value="com.google.firebase.components.ComponentRegistrar" />
46-->[com.google.firebase:firebase-auth-ktx:21.0.3] AndroidManifest.xml:13:17-82
47            <meta-data
47-->[com.google.firebase:firebase-auth:21.0.3] AndroidManifest.xml:67:13-69:85
48                android:name="com.google.firebase.components:com.google.firebase.auth.FirebaseAuthRegistrar"
48-->[com.google.firebase:firebase-auth:21.0.3] AndroidManifest.xml:68:17-109
49                android:value="com.google.firebase.components.ComponentRegistrar" />
49-->[com.google.firebase:firebase-auth:21.0.3] AndroidManifest.xml:69:17-82
50            <meta-data
50-->[com.google.firebase:firebase-firestore:24.1.2] AndroidManifest.xml:20:13-22:85
51                android:name="com.google.firebase.components:com.google.firebase.firestore.FirestoreRegistrar"
51-->[com.google.firebase:firebase-firestore:24.1.2] AndroidManifest.xml:21:17-111
52                android:value="com.google.firebase.components.ComponentRegistrar" />
52-->[com.google.firebase:firebase-firestore:24.1.2] AndroidManifest.xml:22:17-82
53            <meta-data
53-->[com.google.firebase:firebase-common-ktx:20.1.1] AndroidManifest.xml:15:13-17:85
54                android:name="com.google.firebase.components:com.google.firebase.ktx.FirebaseCommonKtxRegistrar"
54-->[com.google.firebase:firebase-common-ktx:20.1.1] AndroidManifest.xml:16:17-113
55                android:value="com.google.firebase.components.ComponentRegistrar" />
55-->[com.google.firebase:firebase-common-ktx:20.1.1] AndroidManifest.xml:17:17-82
56        </service>
57
58        <activity
58-->[com.google.firebase:firebase-auth:21.0.3] AndroidManifest.xml:27:9-44:20
59            android:name="com.google.firebase.auth.internal.GenericIdpActivity"
59-->[com.google.firebase:firebase-auth:21.0.3] AndroidManifest.xml:28:13-80
60            android:excludeFromRecents="true"
60-->[com.google.firebase:firebase-auth:21.0.3] AndroidManifest.xml:29:13-46
61            android:exported="true"
61-->[com.google.firebase:firebase-auth:21.0.3] AndroidManifest.xml:30:13-36
62            android:launchMode="singleTask"
62-->[com.google.firebase:firebase-auth:21.0.3] AndroidManifest.xml:31:13-44
63            android:theme="@android:style/Theme.Translucent.NoTitleBar" >
63-->[com.google.firebase:firebase-auth:21.0.3] AndroidManifest.xml:32:13-72
64            <intent-filter>
64-->[com.google.firebase:firebase-auth:21.0.3] AndroidManifest.xml:33:13-43:29
65                <action android:name="android.intent.action.VIEW" />
65-->[com.google.firebase:firebase-auth:21.0.3] AndroidManifest.xml:34:17-69
65-->[com.google.firebase:firebase-auth:21.0.3] AndroidManifest.xml:34:25-66
66
67                <category android:name="android.intent.category.DEFAULT" />
67-->[com.google.firebase:firebase-auth:21.0.3] AndroidManifest.xml:36:17-76
67-->[com.google.firebase:firebase-auth:21.0.3] AndroidManifest.xml:36:27-73
68                <category android:name="android.intent.category.BROWSABLE" />
68-->[com.google.firebase:firebase-auth:21.0.3] AndroidManifest.xml:37:17-78
68-->[com.google.firebase:firebase-auth:21.0.3] AndroidManifest.xml:37:27-75
69
70                <data
70-->[com.google.firebase:firebase-auth:21.0.3] AndroidManifest.xml:39:17-42:51
71                    android:host="firebase.auth"
71-->[com.google.firebase:firebase-auth:21.0.3] AndroidManifest.xml:40:21-49
72                    android:path="/"
72-->[com.google.firebase:firebase-auth:21.0.3] AndroidManifest.xml:41:21-37
73                    android:scheme="genericidp" />
73-->[com.google.firebase:firebase-auth:21.0.3] AndroidManifest.xml:42:21-48
74            </intent-filter>
75        </activity>
76        <activity
76-->[com.google.firebase:firebase-auth:21.0.3] AndroidManifest.xml:45:9-62:20
77            android:name="com.google.firebase.auth.internal.RecaptchaActivity"
77-->[com.google.firebase:firebase-auth:21.0.3] AndroidManifest.xml:46:13-79
78            android:excludeFromRecents="true"
78-->[com.google.firebase:firebase-auth:21.0.3] AndroidManifest.xml:47:13-46
79            android:exported="true"
79-->[com.google.firebase:firebase-auth:21.0.3] AndroidManifest.xml:48:13-36
80            android:launchMode="singleTask"
80-->[com.google.firebase:firebase-auth:21.0.3] AndroidManifest.xml:49:13-44
81            android:theme="@android:style/Theme.Translucent.NoTitleBar" >
81-->[com.google.firebase:firebase-auth:21.0.3] AndroidManifest.xml:50:13-72
82            <intent-filter>
82-->[com.google.firebase:firebase-auth:21.0.3] AndroidManifest.xml:51:13-61:29
83                <action android:name="android.intent.action.VIEW" />
83-->[com.google.firebase:firebase-auth:21.0.3] AndroidManifest.xml:34:17-69
83-->[com.google.firebase:firebase-auth:21.0.3] AndroidManifest.xml:34:25-66
84
85                <category android:name="android.intent.category.DEFAULT" />
85-->[com.google.firebase:firebase-auth:21.0.3] AndroidManifest.xml:36:17-76
85-->[com.google.firebase:firebase-auth:21.0.3] AndroidManifest.xml:36:27-73
86                <category android:name="android.intent.category.BROWSABLE" />
86-->[com.google.firebase:firebase-auth:21.0.3] AndroidManifest.xml:37:17-78
86-->[com.google.firebase:firebase-auth:21.0.3] AndroidManifest.xml:37:27-75
87
88                <data
88-->[com.google.firebase:firebase-auth:21.0.3] AndroidManifest.xml:39:17-42:51
89                    android:host="firebase.auth"
89-->[com.google.firebase:firebase-auth:21.0.3] AndroidManifest.xml:40:21-49
90                    android:path="/"
90-->[com.google.firebase:firebase-auth:21.0.3] AndroidManifest.xml:41:21-37
91                    android:scheme="recaptcha" />
91-->[com.google.firebase:firebase-auth:21.0.3] AndroidManifest.xml:42:21-48
92            </intent-filter>
93        </activity>
94        <activity
94-->[com.google.android.gms:play-services-auth:20.1.0] AndroidManifest.xml:23:9-27:75
95            android:name="com.google.android.gms.auth.api.signin.internal.SignInHubActivity"
95-->[com.google.android.gms:play-services-auth:20.1.0] AndroidManifest.xml:24:13-93
96            android:excludeFromRecents="true"
96-->[com.google.android.gms:play-services-auth:20.1.0] AndroidManifest.xml:25:13-46
97            android:exported="false"
97-->[com.google.android.gms:play-services-auth:20.1.0] AndroidManifest.xml:26:13-37
98            android:theme="@android:style/Theme.Translucent.NoTitleBar" />
98-->[com.google.android.gms:play-services-auth:20.1.0] AndroidManifest.xml:27:13-72
99        <!--
100            Service handling Google Sign-In user revocation. For apps that do not integrate with
101            Google Sign-In, this service will never be started.
102        -->
103        <service
103-->[com.google.android.gms:play-services-auth:20.1.0] AndroidManifest.xml:33:9-37:51
104            android:name="com.google.android.gms.auth.api.signin.RevocationBoundService"
104-->[com.google.android.gms:play-services-auth:20.1.0] AndroidManifest.xml:34:13-89
105            android:exported="true"
105-->[com.google.android.gms:play-services-auth:20.1.0] AndroidManifest.xml:35:13-36
106            android:permission="com.google.android.gms.auth.api.signin.permission.REVOCATION_NOTIFICATION"
106-->[com.google.android.gms:play-services-auth:20.1.0] AndroidManifest.xml:36:13-107
107            android:visibleToInstantApps="true" />
107-->[com.google.android.gms:play-services-auth:20.1.0] AndroidManifest.xml:37:13-48
108
109        <activity
109-->[com.google.android.gms:play-services-base:18.0.1] AndroidManifest.xml:20:9-22:45
110            android:name="com.google.android.gms.common.api.GoogleApiActivity"
110-->[com.google.android.gms:play-services-base:18.0.1] AndroidManifest.xml:20:19-85
111            android:exported="false"
111-->[com.google.android.gms:play-services-base:18.0.1] AndroidManifest.xml:22:19-43
112            android:theme="@android:style/Theme.Translucent.NoTitleBar" />
112-->[com.google.android.gms:play-services-base:18.0.1] AndroidManifest.xml:21:19-78
113
114        <provider
114-->[com.google.firebase:firebase-common:20.1.1] AndroidManifest.xml:26:9-31:39
115            android:name="com.google.firebase.provider.FirebaseInitProvider"
115-->[com.google.firebase:firebase-common:20.1.1] AndroidManifest.xml:27:13-77
116            android:authorities="com.example.recipe_dt.firebaseinitprovider"
116-->[com.google.firebase:firebase-common:20.1.1] AndroidManifest.xml:28:13-72
117            android:directBootAware="true"
117-->[com.google.firebase:firebase-common:20.1.1] AndroidManifest.xml:29:13-43
118            android:exported="false"
118-->[com.google.firebase:firebase-common:20.1.1] AndroidManifest.xml:30:13-37
119            android:initOrder="100" />
119-->[com.google.firebase:firebase-common:20.1.1] AndroidManifest.xml:31:13-36
120
121        <meta-data
121-->[com.google.android.gms:play-services-basement:18.0.0] AndroidManifest.xml:21:9-23:69
122            android:name="com.google.android.gms.version"
122-->[com.google.android.gms:play-services-basement:18.0.0] AndroidManifest.xml:22:13-58
123            android:value="@integer/google_play_services_version" />
123-->[com.google.android.gms:play-services-basement:18.0.0] AndroidManifest.xml:23:13-66
124
125        <provider
125-->[androidx.emoji2:emoji2:1.0.0] AndroidManifest.xml:26:9-34:20
126            android:name="androidx.startup.InitializationProvider"
126-->[androidx.emoji2:emoji2:1.0.0] AndroidManifest.xml:27:13-67
127            android:authorities="com.example.recipe_dt.androidx-startup"
127-->[androidx.emoji2:emoji2:1.0.0] AndroidManifest.xml:28:13-68
128            android:exported="false" >
128-->[androidx.emoji2:emoji2:1.0.0] AndroidManifest.xml:29:13-37
129            <meta-data
129-->[androidx.emoji2:emoji2:1.0.0] AndroidManifest.xml:31:13-33:52
130                android:name="androidx.emoji2.text.EmojiCompatInitializer"
130-->[androidx.emoji2:emoji2:1.0.0] AndroidManifest.xml:32:17-75
131                android:value="androidx.startup" />
131-->[androidx.emoji2:emoji2:1.0.0] AndroidManifest.xml:33:17-49
132            <meta-data
132-->[androidx.lifecycle:lifecycle-process:2.4.0] AndroidManifest.xml:31:13-33:52
133                android:name="androidx.lifecycle.ProcessLifecycleInitializer"
133-->[androidx.lifecycle:lifecycle-process:2.4.0] AndroidManifest.xml:32:17-78
134                android:value="androidx.startup" />
134-->[androidx.lifecycle:lifecycle-process:2.4.0] AndroidManifest.xml:33:17-49
135        </provider>
136    </application>
137
138</manifest>